<?xml version="1.0" encoding="UTF-8"?>
<testng-results ignored="0" total="1" passed="1" failed="0" skipped="0">
  <reporter-output>
    <line>
      <![CDATA[This is TestNG Demo class!]]>
    </line>
  </reporter-output>
  <suite started-at="2023-07-15T15:12:33 IST" name="Default suite" finished-at="2023-07-15T15:12:33 IST" duration-ms="63">
    <groups>
    </groups>
    <test started-at="2023-07-15T15:12:33 IST" name="Default test" finished-at="2023-07-15T15:12:33 IST" duration-ms="63">
      <class name="testNGPackage.Demo">
        <test-method signature="f()[pri:0, instance:testNGPackage.Demo@75d3a5e0]" started-at="2023-07-15T15:12:33 IST" name="f" finished-at="2023-07-15T15:12:33 IST" duration-ms="9" status="PASS">
          <reporter-output>
            <line>
              <![CDATA[This is TestNG Demo class!]]>
            </line>
          </reporter-output>
        </test-method> <!-- f -->
      </class> <!-- testNGPackage.Demo -->
    </test> <!-- Default test -->
  </suite> <!-- Default suite -->
</testng-results>
